This is pdfTeX, Version 3.14159265-2.6-1.40.21 (TeX Live 2020) (preloaded format=pdflatex 2020.10.15)  29 SEP 2022 22:57
entering extended mode
 restricted \write18 enabled.
 file:line:error style messages enabled.
 %&-line parsing enabled.
**writeup.tex
(./writeup.tex
LaTeX2e <2020-02-02> patch level 5
L3 programming layer <2020-03-06> (/usr/local/texlive/2020/texmf-dist/tex/latex/base/article.cls
Document Class: article 2019/12/20 v1.4l Standard LaTeX document class
(/usr/local/texlive/2020/texmf-dist/tex/latex/base/size12.clo
File: size12.clo 2019/12/20 v1.4l Standard LaTeX file (size option)
)
\c@part=\count167
\c@section=\count168
\c@subsection=\count169
\c@subsubsection=\count170
\c@paragraph=\count171
\c@subparagraph=\count172
\c@figure=\count173
\c@table=\count174
\abovecaptionskip=\skip47
\belowcaptionskip=\skip48
\bibindent=\dimen134
) (/usr/local/texlive/2020/texmf-dist/tex/latex/geometry/geometry.sty
Package: geometry 2020/01/02 v5.9 Page Geometry
 (/usr/local/texlive/2020/texmf-dist/tex/latex/graphics/keyval.sty
Package: keyval 2014/10/28 v1.15 key=value parser (DPC)
\KV@toks@=\toks15
) (/usr/local/texlive/2020/texmf-dist/tex/generic/iftex/ifvtex.sty
Package: ifvtex 2019/10/25 v1.7 ifvtex legacy package. Use iftex instead.
 (/usr/local/texlive/2020/texmf-dist/tex/generic/iftex/iftex.sty
Package: iftex 2020/03/06 v1.0d TeX engine tests
))
\Gm@cnth=\count175
\Gm@cntv=\count176
\c@Gm@tempcnt=\count177
\Gm@bindingoffset=\dimen135
\Gm@wd@mp=\dimen136
\Gm@odd@mp=\dimen137
\Gm@even@mp=\dimen138
\Gm@layoutwidth=\dimen139
\Gm@layoutheight=\dimen140
\Gm@layouthoffset=\dimen141
\Gm@layoutvoffset=\dimen142
\Gm@dimlist=\toks16
) (/usr/local/texlive/2020/texmf-dist/tex/latex/base/inputenc.sty
Package: inputenc 2018/08/11 v1.3c Input encoding file
\inpenc@prehook=\toks17
\inpenc@posthook=\toks18
) (/usr/local/texlive/2020/texmf-dist/tex/latex/base/fontenc.sty
Package: fontenc 2020/02/11 v2.0o Standard LaTeX package
) (/usr/local/texlive/2020/texmf-dist/tex/latex/xcolor/xcolor.sty
Package: xcolor 2016/05/11 v2.12 LaTeX color extensions (UK)
 (/usr/local/texlive/2020/texmf-dist/tex/latex/graphics-cfg/color.cfg
File: color.cfg 2016/01/02 v1.6 sample color configuration
)
Package xcolor Info: Package option `usenames' ignored on input line 216.
Package xcolor Info: Driver file: pdftex.def on input line 225.
 (/usr/local/texlive/2020/texmf-dist/tex/latex/graphics-def/pdftex.def
File: pdftex.def 2018/01/08 v1.0l Graphics/color driver for pdftex
) (/usr/local/texlive/2020/texmf-dist/tex/latex/colortbl/colortbl.sty
Package: colortbl 2020/01/04 v1.0e Color table columns (DPC)
 (/usr/local/texlive/2020/texmf-dist/tex/latex/tools/array.sty
Package: array 2019/08/31 v2.4l Tabular extension package (FMi)
\col@sep=\dimen143
\ar@mcellbox=\box45
\extrarowheight=\dimen144
\NC@list=\toks19
\extratabsurround=\skip49
\backup@length=\skip50
\ar@cellbox=\box46
)
\everycr=\toks20
\minrowclearance=\skip51
)
\rownum=\count178
Package xcolor Info: Model `cmy' substituted by `cmy0' on input line 1348.
Package xcolor Info: Model `hsb' substituted by `rgb' on input line 1352.
Package xcolor Info: Model `RGB' extended on input line 1364.
Package xcolor Info: Model `HTML' substituted by `rgb' on input line 1366.
Package xcolor Info: Model `Hsb' substituted by `hsb' on input line 1367.
Package xcolor Info: Model `tHsb' substituted by `hsb' on input line 1368.
Package xcolor Info: Model `HSB' substituted by `hsb' on input line 1369.
Package xcolor Info: Model `Gray' substituted by `gray' on input line 1370.
Package xcolor Info: Model `wave' substituted by `hsb' on input line 1371.
 (/usr/local/texlive/2020/texmf-dist/tex/latex/graphics/dvipsnam.def
File: dvipsnam.def 2016/06/17 v3.0m Driver-dependent file (DPC,SPQR)
)) (/usr/local/texlive/2020/texmf-dist/tex/latex/varwidth/varwidth.sty
Package: varwidth 2009/03/30 ver 0.92;  Variable-width minipages
\@vwid@box=\box47
\sift@deathcycles=\count179
\@vwid@loff=\dimen145
\@vwid@roff=\dimen146
) (/usr/local/texlive/2020/texmf-dist/tex/latex/tools/tabularx.sty
Package: tabularx 2020/01/15 v2.11c `tabularx' package (DPC)
\TX@col@width=\dimen147
\TX@old@table=\dimen148
\TX@old@col=\dimen149
\TX@target=\dimen150
\TX@delta=\dimen151
\TX@cols=\count180
\TX@ftn=\toks21
) (/usr/local/texlive/2020/texmf-dist/tex/latex/amsmath/amsmath.sty
Package: amsmath 2020/01/20 v2.17e AMS math features
\@mathmargin=\skip52

For additional information on amsmath, use the `?' option.
(/usr/local/texlive/2020/texmf-dist/tex/latex/amsmath/amstext.sty
Package: amstext 2000/06/29 v2.01 AMS text
 (/usr/local/texlive/2020/texmf-dist/tex/latex/amsmath/amsgen.sty
File: amsgen.sty 1999/11/30 v2.0 generic functions
\@emptytoks=\toks22
\ex@=\dimen152
)) (/usr/local/texlive/2020/texmf-dist/tex/latex/amsmath/amsbsy.sty
Package: amsbsy 1999/11/29 v1.2d Bold Symbols
\pmbraise@=\dimen153
) (/usr/local/texlive/2020/texmf-dist/tex/latex/amsmath/amsopn.sty
Package: amsopn 2016/03/08 v2.02 operator names
)
\inf@bad=\count181
LaTeX Info: Redefining \frac on input line 227.
\uproot@=\count182
\leftroot@=\count183
LaTeX Info: Redefining \overline on input line 389.
\classnum@=\count184
\DOTSCASE@=\count185
LaTeX Info: Redefining \ldots on input line 486.
LaTeX Info: Redefining \dots on input line 489.
LaTeX Info: Redefining \cdots on input line 610.
\Mathstrutbox@=\box48
\strutbox@=\box49
\big@size=\dimen154
LaTeX Font Info:    Redeclaring font encoding OML on input line 733.
LaTeX Font Info:    Redeclaring font encoding OMS on input line 734.
\macc@depth=\count186
\c@MaxMatrixCols=\count187
\dotsspace@=\muskip16
\c@parentequation=\count188
\dspbrk@lvl=\count189
\tag@help=\toks23
\row@=\count190
\column@=\count191
\maxfields@=\count192
\andhelp@=\toks24
\eqnshift@=\dimen155
\alignsep@=\dimen156
\tagshift@=\dimen157
\tagwidth@=\dimen158
\totwidth@=\dimen159
\lineht@=\dimen160
\@envbody=\toks25
\multlinegap=\skip53
\multlinetaggap=\skip54
\mathdisplay@stack=\toks26
LaTeX Info: Redefining \[ on input line 2859.
LaTeX Info: Redefining \] on input line 2860.
) (/usr/local/texlive/2020/texmf-dist/tex/latex/float/float.sty
Package: float 2001/11/08 v1.3d Float enhancements (AL)
\c@float@type=\count193
\float@exts=\toks27
\float@box=\box50
\@float@everytoks=\toks28
\@floatcapt=\box51
) (/usr/local/texlive/2020/texmf-dist/tex/latex/parskip/parskip.sty
Package: parskip 2020-01-22 v2.0d non-zero parskip adjustments
 (/usr/local/texlive/2020/texmf-dist/tex/latex/kvoptions/kvoptions.sty
Package: kvoptions 2019/11/29 v3.13 Key value format for package options (HO)
 (/usr/local/texlive/2020/texmf-dist/tex/generic/ltxcmds/ltxcmds.sty
Package: ltxcmds 2019/12/15 v1.24 LaTeX kernel commands for general use (HO)
) (/usr/local/texlive/2020/texmf-dist/tex/generic/kvsetkeys/kvsetkeys.sty
Package: kvsetkeys 2019/12/15 v1.18 Key value parser (HO)
)) (/usr/local/texlive/2020/texmf-dist/tex/latex/etoolbox/etoolbox.sty
Package: etoolbox 2019/09/21 v2.5h e-TeX tools for LaTeX (JAW)
\etb@tempcnta=\count194
)) (/usr/local/texlive/2020/texmf-dist/tex/latex/hyperref/hyperref.sty
Package: hyperref 2020/01/14 v7.00d Hypertext links for LaTeX
 (/usr/local/texlive/2020/texmf-dist/tex/latex/pdftexcmds/pdftexcmds.sty
Package: pdftexcmds 2019/11/24 v0.31 Utility functions of pdfTeX for LuaTeX (HO)
 (/usr/local/texlive/2020/texmf-dist/tex/generic/infwarerr/infwarerr.sty
Package: infwarerr 2019/12/03 v1.5 Providing info/warning/error messages (HO)
)
Package pdftexcmds Info: \pdf@primitive is available.
Package pdftexcmds Info: \pdf@ifprimitive is available.
Package pdftexcmds Info: \pdfdraftmode found.
) (/usr/local/texlive/2020/texmf-dist/tex/generic/kvdefinekeys/kvdefinekeys.sty
Package: kvdefinekeys 2019-12-19 v1.6 Define keys (HO)
) (/usr/local/texlive/2020/texmf-dist/tex/generic/pdfescape/pdfescape.sty
Package: pdfescape 2019/12/09 v1.15 Implements pdfTeX's escape features (HO)
) (/usr/local/texlive/2020/texmf-dist/tex/latex/hycolor/hycolor.sty
Package: hycolor 2020-01-27 v1.10 Color options for hyperref/bookmark (HO)
) (/usr/local/texlive/2020/texmf-dist/tex/latex/letltxmacro/letltxmacro.sty
Package: letltxmacro 2019/12/03 v1.6 Let assignment for LaTeX macros (HO)
) (/usr/local/texlive/2020/texmf-dist/tex/latex/auxhook/auxhook.sty
Package: auxhook 2019-12-17 v1.6 Hooks for auxiliary files (HO)
)
\@linkdim=\dimen161
\Hy@linkcounter=\count195
\Hy@pagecounter=\count196
 (/usr/local/texlive/2020/texmf-dist/tex/latex/hyperref/pd1enc.def
File: pd1enc.def 2020/01/14 v7.00d Hyperref: PDFDocEncoding definition (HO)
Now handling font encoding PD1 ...
... no UTF-8 mapping file for font encoding PD1
) (/usr/local/texlive/2020/texmf-dist/tex/generic/intcalc/intcalc.sty
Package: intcalc 2019/12/15 v1.3 Expandable calculations with integers (HO)
) (/usr/local/texlive/2020/texmf-dist/tex/generic/etexcmds/etexcmds.sty
Package: etexcmds 2019/12/15 v1.7 Avoid name clashes with e-TeX commands (HO)
)
\Hy@SavedSpaceFactor=\count197
Package hyperref Info: Hyper figures OFF on input line 4547.
Package hyperref Info: Link nesting OFF on input line 4552.
Package hyperref Info: Hyper index ON on input line 4555.
Package hyperref Info: Plain pages OFF on input line 4562.
Package hyperref Info: Backreferencing OFF on input line 4567.
Package hyperref Info: Implicit mode ON; LaTeX internals redefined.
Package hyperref Info: Bookmarks ON on input line 4800.
\c@Hy@tempcnt=\count198
 (/usr/local/texlive/2020/texmf-dist/tex/latex/url/url.sty
\Urlmuskip=\muskip17
Package: url 2013/09/16  ver 3.4  Verb mode for urls, etc.
)
LaTeX Info: Redefining \url on input line 5159.
\XeTeXLinkMargin=\dimen162
 (/usr/local/texlive/2020/texmf-dist/tex/generic/bitset/bitset.sty
Package: bitset 2019/12/09 v1.3 Handle bit-vector datatype (HO)
 (/usr/local/texlive/2020/texmf-dist/tex/generic/bigintcalc/bigintcalc.sty
Package: bigintcalc 2019/12/15 v1.5 Expandable calculations on big integers (HO)
))
\Fld@menulength=\count199
\Field@Width=\dimen163
\Fld@charsize=\dimen164
Package hyperref Info: Hyper figures OFF on input line 6430.
Package hyperref Info: Link nesting OFF on input line 6435.
Package hyperref Info: Hyper index ON on input line 6438.
Package hyperref Info: backreferencing OFF on input line 6445.
Package hyperref Info: Link coloring OFF on input line 6450.
Package hyperref Info: Link coloring with OCG OFF on input line 6455.
Package hyperref Info: PDF/A mode OFF on input line 6460.
LaTeX Info: Redefining \ref on input line 6500.
LaTeX Info: Redefining \pageref on input line 6504.
 (/usr/local/texlive/2020/texmf-dist/tex/generic/atbegshi/atbegshi.sty
Package: atbegshi 2019/12/05 v1.19 At begin shipout hook (HO)
)
\Hy@abspage=\count266
\c@Item=\count267
\c@Hfootnote=\count268
)
Package hyperref Info: Driver (autodetected): hpdftex.
 (/usr/local/texlive/2020/texmf-dist/tex/latex/hyperref/hpdftex.def
File: hpdftex.def 2020/01/14 v7.00d Hyperref driver for pdfTeX
 (/usr/local/texlive/2020/texmf-dist/tex/latex/atveryend/atveryend.sty
Package: atveryend 2019-12-11 v1.11 Hooks at the very end of document (HO)
)
\Fld@listcount=\count269
\c@bookmark@seq@number=\count270
 (/usr/local/texlive/2020/texmf-dist/tex/latex/rerunfilecheck/rerunfilecheck.sty
Package: rerunfilecheck 2019/12/05 v1.9 Rerun checks for auxiliary files (HO)

(/usr/local/texlive/2020/texmf-dist/tex/generic/uniquecounter/uniquecounter.sty
Package: uniquecounter 2019/12/15 v1.4 Provide unlimited unique counter (HO)
)
Package uniquecounter Info: New unique counter `rerunfilecheck' on input line 286.
)
\Hy@SectionHShift=\skip55
) (/usr/local/texlive/2020/texmf-dist/tex/latex/forest/forest.sty
Package: forest 2017/07/14 v2.1.5 Drawing (linguistic) trees
 (/usr/local/texlive/2020/texmf-dist/tex/latex/pgf/frontendlayer/tikz.sty (/usr/local/texlive/2020/texmf-dist/tex/latex/pgf/basiclayer/pgf.sty (/usr/local/texlive/2020/texmf-dist/tex/latex/pgf/utilities/pgfrcs.sty (/usr/local/texlive/2020/texmf-dist/tex/generic/pgf/utilities/pgfutil-common.tex
\pgfutil@everybye=\toks29
\pgfutil@tempdima=\dimen165
\pgfutil@tempdimb=\dimen166
 (/usr/local/texlive/2020/texmf-dist/tex/generic/pgf/utilities/pgfutil-common-lists.tex)) (/usr/local/texlive/2020/texmf-dist/tex/generic/pgf/utilities/pgfutil-latex.def
\pgfutil@abb=\box52
 (/usr/local/texlive/2020/texmf-dist/tex/latex/ms/everyshi.sty
Package: everyshi 2001/05/15 v3.00 EveryShipout Package (MS)
)) (/usr/local/texlive/2020/texmf-dist/tex/generic/pgf/utilities/pgfrcs.code.tex (/usr/local/texlive/2020/texmf-dist/tex/generic/pgf/pgf.revision.tex)
Package: pgfrcs 2020/01/08 v3.1.5b (3.1.5b)
))
Package: pgf 2020/01/08 v3.1.5b (3.1.5b)
 (/usr/local/texlive/2020/texmf-dist/tex/latex/pgf/basiclayer/pgfcore.sty (/usr/local/texlive/2020/texmf-dist/tex/latex/graphics/graphicx.sty
Package: graphicx 2019/11/30 v1.2a Enhanced LaTeX Graphics (DPC,SPQR)
 (/usr/local/texlive/2020/texmf-dist/tex/latex/graphics/graphics.sty
Package: graphics 2019/11/30 v1.4a Standard LaTeX Graphics (DPC,SPQR)
 (/usr/local/texlive/2020/texmf-dist/tex/latex/graphics/trig.sty
Package: trig 2016/01/03 v1.10 sin cos tan (DPC)
) (/usr/local/texlive/2020/texmf-dist/tex/latex/graphics-cfg/graphics.cfg
File: graphics.cfg 2016/06/04 v1.11 sample graphics configuration
)
Package graphics Info: Driver file: pdftex.def on input line 105.
)
\Gin@req@height=\dimen167
\Gin@req@width=\dimen168
) (/usr/local/texlive/2020/texmf-dist/tex/latex/pgf/systemlayer/pgfsys.sty (/usr/local/texlive/2020/texmf-dist/tex/generic/pgf/systemlayer/pgfsys.code.tex
Package: pgfsys 2020/01/08 v3.1.5b (3.1.5b)
 (/usr/local/texlive/2020/texmf-dist/tex/generic/pgf/utilities/pgfkeys.code.tex
\pgfkeys@pathtoks=\toks30
\pgfkeys@temptoks=\toks31
 (/usr/local/texlive/2020/texmf-dist/tex/generic/pgf/utilities/pgfkeysfiltered.code.tex
\pgfkeys@tmptoks=\toks32
))
\pgf@x=\dimen169
\pgf@y=\dimen170
\pgf@xa=\dimen171
\pgf@ya=\dimen172
\pgf@xb=\dimen173
\pgf@yb=\dimen174
\pgf@xc=\dimen175
\pgf@yc=\dimen176
\pgf@xd=\dimen177
\pgf@yd=\dimen178
\w@pgf@writea=\write3
\r@pgf@reada=\read2
\c@pgf@counta=\count271
\c@pgf@countb=\count272
\c@pgf@countc=\count273
\c@pgf@countd=\count274
\t@pgf@toka=\toks33
\t@pgf@tokb=\toks34
\t@pgf@tokc=\toks35
\pgf@sys@id@count=\count275
 (/usr/local/texlive/2020/texmf-dist/tex/generic/pgf/systemlayer/pgf.cfg
File: pgf.cfg 2020/01/08 v3.1.5b (3.1.5b)
)
Driver file for pgf: pgfsys-pdftex.def
 (/usr/local/texlive/2020/texmf-dist/tex/generic/pgf/systemlayer/pgfsys-pdftex.def
File: pgfsys-pdftex.def 2020/01/08 v3.1.5b (3.1.5b)
 (/usr/local/texlive/2020/texmf-dist/tex/generic/pgf/systemlayer/pgfsys-common-pdf.def
File: pgfsys-common-pdf.def 2020/01/08 v3.1.5b (3.1.5b)
))) (/usr/local/texlive/2020/texmf-dist/tex/generic/pgf/systemlayer/pgfsyssoftpath.code.tex
File: pgfsyssoftpath.code.tex 2020/01/08 v3.1.5b (3.1.5b)
\pgfsyssoftpath@smallbuffer@items=\count276
\pgfsyssoftpath@bigbuffer@items=\count277
) (/usr/local/texlive/2020/texmf-dist/tex/generic/pgf/systemlayer/pgfsysprotocol.code.tex
File: pgfsysprotocol.code.tex 2020/01/08 v3.1.5b (3.1.5b)
)) (/usr/local/texlive/2020/texmf-dist/tex/generic/pgf/basiclayer/pgfcore.code.tex
Package: pgfcore 2020/01/08 v3.1.5b (3.1.5b)

(/usr/local/texlive/2020/texmf-dist/tex/generic/pgf/math/pgfmath.code.tex (/usr/local/texlive/2020/texmf-dist/tex/generic/pgf/math/pgfmathcalc.code.tex (/usr/local/texlive/2020/texmf-dist/tex/generic/pgf/math/pgfmathutil.code.tex) (/usr/local/texlive/2020/texmf-dist/tex/generic/pgf/math/pgfmathparser.code.tex
\pgfmath@dimen=\dimen179
\pgfmath@count=\count278
\pgfmath@box=\box53
\pgfmath@toks=\toks36
\pgfmath@stack@operand=\toks37
\pgfmath@stack@operation=\toks38
) (/usr/local/texlive/2020/texmf-dist/tex/generic/pgf/math/pgfmathfunctions.code.tex (/usr/local/texlive/2020/texmf-dist/tex/generic/pgf/math/pgfmathfunctions.basic.code.tex) (/usr/local/texlive/2020/texmf-dist/tex/generic/pgf/math/pgfmathfunctions.trigonometric.code.tex) (/usr/local/texlive/2020/texmf-dist/tex/generic/pgf/math/pgfmathfunctions.random.code.tex) (/usr/local/texlive/2020/texmf-dist/tex/generic/pgf/math/pgfmathfunctions.comparison.code.tex) (/usr/local/texlive/2020/texmf-dist/tex/generic/pgf/math/pgfmathfunctions.base.code.tex) (/usr/local/texlive/2020/texmf-dist/tex/generic/pgf/math/pgfmathfunctions.round.code.tex) (/usr/local/texlive/2020/texmf-dist/tex/generic/pgf/math/pgfmathfunctions.misc.code.tex) (/usr/local/texlive/2020/texmf-dist/tex/generic/pgf/math/pgfmathfunctions.integerarithmetics.code.tex))) (/usr/local/texlive/2020/texmf-dist/tex/generic/pgf/math/pgfmathfloat.code.tex
\c@pgfmathroundto@lastzeros=\count279
)) (/usr/local/texlive/2020/texmf-dist/tex/generic/pgf/math/pgfint.code.tex) (/usr/local/texlive/2020/texmf-dist/tex/generic/pgf/basiclayer/pgfcorepoints.code.tex
File: pgfcorepoints.code.tex 2020/01/08 v3.1.5b (3.1.5b)
\pgf@picminx=\dimen180
\pgf@picmaxx=\dimen181
\pgf@picminy=\dimen182
\pgf@picmaxy=\dimen183
\pgf@pathminx=\dimen184
\pgf@pathmaxx=\dimen185
\pgf@pathminy=\dimen186
\pgf@pathmaxy=\dimen187
\pgf@xx=\dimen188
\pgf@xy=\dimen189
\pgf@yx=\dimen190
\pgf@yy=\dimen191
\pgf@zx=\dimen192
\pgf@zy=\dimen193
) (/usr/local/texlive/2020/texmf-dist/tex/generic/pgf/basiclayer/pgfcorepathconstruct.code.tex
File: pgfcorepathconstruct.code.tex 2020/01/08 v3.1.5b (3.1.5b)
\pgf@path@lastx=\dimen194
\pgf@path@lasty=\dimen195
) (/usr/local/texlive/2020/texmf-dist/tex/generic/pgf/basiclayer/pgfcorepathusage.code.tex
File: pgfcorepathusage.code.tex 2020/01/08 v3.1.5b (3.1.5b)
\pgf@shorten@end@additional=\dimen196
\pgf@shorten@start@additional=\dimen197
) (/usr/local/texlive/2020/texmf-dist/tex/generic/pgf/basiclayer/pgfcorescopes.code.tex
File: pgfcorescopes.code.tex 2020/01/08 v3.1.5b (3.1.5b)
\pgfpic=\box54
\pgf@hbox=\box55
\pgf@layerbox@main=\box56
\pgf@picture@serial@count=\count280
) (/usr/local/texlive/2020/texmf-dist/tex/generic/pgf/basiclayer/pgfcoregraphicstate.code.tex
File: pgfcoregraphicstate.code.tex 2020/01/08 v3.1.5b (3.1.5b)
\pgflinewidth=\dimen198
) (/usr/local/texlive/2020/texmf-dist/tex/generic/pgf/basiclayer/pgfcoretransformations.code.tex
File: pgfcoretransformations.code.tex 2020/01/08 v3.1.5b (3.1.5b)
\pgf@pt@x=\dimen199
\pgf@pt@y=\dimen256
\pgf@pt@temp=\dimen257
) (/usr/local/texlive/2020/texmf-dist/tex/generic/pgf/basiclayer/pgfcorequick.code.tex
File: pgfcorequick.code.tex 2020/01/08 v3.1.5b (3.1.5b)
)
(/usr/local/texlive/2020/texmf-dist/tex/generic/pgf/basiclayer/pgfcoreobjects.code.tex
File: pgfcoreobjects.code.tex 2020/01/08 v3.1.5b (3.1.5b)
) (/usr/local/texlive/2020/texmf-dist/tex/generic/pgf/basiclayer/pgfcorepathprocessing.code.tex
File: pgfcorepathprocessing.code.tex 2020/01/08 v3.1.5b (3.1.5b)
) (/usr/local/texlive/2020/texmf-dist/tex/generic/pgf/basiclayer/pgfcorearrows.code.tex
File: pgfcorearrows.code.tex 2020/01/08 v3.1.5b (3.1.5b)
\pgfarrowsep=\dimen258
) (/usr/local/texlive/2020/texmf-dist/tex/generic/pgf/basiclayer/pgfcoreshade.code.tex
File: pgfcoreshade.code.tex 2020/01/08 v3.1.5b (3.1.5b)
\pgf@max=\dimen259
\pgf@sys@shading@range@num=\count281
\pgf@shadingcount=\count282
) (/usr/local/texlive/2020/texmf-dist/tex/generic/pgf/basiclayer/pgfcoreimage.code.tex
File: pgfcoreimage.code.tex 2020/01/08 v3.1.5b (3.1.5b)
 (/usr/local/texlive/2020/texmf-dist/tex/generic/pgf/basiclayer/pgfcoreexternal.code.tex
File: pgfcoreexternal.code.tex 2020/01/08 v3.1.5b (3.1.5b)
\pgfexternal@startupbox=\box57
)) (/usr/local/texlive/2020/texmf-dist/tex/generic/pgf/basiclayer/pgfcorelayers.code.tex
File: pgfcorelayers.code.tex 2020/01/08 v3.1.5b (3.1.5b)
) (/usr/local/texlive/2020/texmf-dist/tex/generic/pgf/basiclayer/pgfcoretransparency.code.tex
File: pgfcoretransparency.code.tex 2020/01/08 v3.1.5b (3.1.5b)
) (/usr/local/texlive/2020/texmf-dist/tex/generic/pgf/basiclayer/pgfcorepatterns.code.tex
File: pgfcorepatterns.code.tex 2020/01/08 v3.1.5b (3.1.5b)
) (/usr/local/texlive/2020/texmf-dist/tex/generic/pgf/basiclayer/pgfcorerdf.code.tex
File: pgfcorerdf.code.tex 2020/01/08 v3.1.5b (3.1.5b)
))) (/usr/local/texlive/2020/texmf-dist/tex/generic/pgf/modules/pgfmoduleshapes.code.tex
File: pgfmoduleshapes.code.tex 2020/01/08 v3.1.5b (3.1.5b)
\pgfnodeparttextbox=\box58
) (/usr/local/texlive/2020/texmf-dist/tex/generic/pgf/modules/pgfmoduleplot.code.tex
File: pgfmoduleplot.code.tex 2020/01/08 v3.1.5b (3.1.5b)
) (/usr/local/texlive/2020/texmf-dist/tex/latex/pgf/compatibility/pgfcomp-version-0-65.sty
Package: pgfcomp-version-0-65 2020/01/08 v3.1.5b (3.1.5b)
\pgf@nodesepstart=\dimen260
\pgf@nodesepend=\dimen261
) (/usr/local/texlive/2020/texmf-dist/tex/latex/pgf/compatibility/pgfcomp-version-1-18.sty
Package: pgfcomp-version-1-18 2020/01/08 v3.1.5b (3.1.5b)
)) (/usr/local/texlive/2020/texmf-dist/tex/latex/pgf/utilities/pgffor.sty (/usr/local/texlive/2020/texmf-dist/tex/latex/pgf/utilities/pgfkeys.sty (/usr/local/texlive/2020/texmf-dist/tex/generic/pgf/utilities/pgfkeys.code.tex)) (/usr/local/texlive/2020/texmf-dist/tex/latex/pgf/math/pgfmath.sty (/usr/local/texlive/2020/texmf-dist/tex/generic/pgf/math/pgfmath.code.tex)) (/usr/local/texlive/2020/texmf-dist/tex/generic/pgf/utilities/pgffor.code.tex
Package: pgffor 2020/01/08 v3.1.5b (3.1.5b)
 (/usr/local/texlive/2020/texmf-dist/tex/generic/pgf/math/pgfmath.code.tex)
\pgffor@iter=\dimen262
\pgffor@skip=\dimen263
\pgffor@stack=\toks39
\pgffor@toks=\toks40
)) (/usr/local/texlive/2020/texmf-dist/tex/generic/pgf/frontendlayer/tikz/tikz.code.tex
Package: tikz 2020/01/08 v3.1.5b (3.1.5b)
 (/usr/local/texlive/2020/texmf-dist/tex/generic/pgf/libraries/pgflibraryplothandlers.code.tex
File: pgflibraryplothandlers.code.tex 2020/01/08 v3.1.5b (3.1.5b)
\pgf@plot@mark@count=\count283
\pgfplotmarksize=\dimen264
)
\tikz@lastx=\dimen265
\tikz@lasty=\dimen266
\tikz@lastxsaved=\dimen267
\tikz@lastysaved=\dimen268
\tikz@lastmovetox=\dimen269
\tikz@lastmovetoy=\dimen270
\tikzleveldistance=\dimen271
\tikzsiblingdistance=\dimen272
\tikz@figbox=\box59
\tikz@figbox@bg=\box60
\tikz@tempbox=\box61
\tikz@tempbox@bg=\box62
\tikztreelevel=\count284
\tikznumberofchildren=\count285
\tikznumberofcurrentchild=\count286
\tikz@fig@count=\count287

(/usr/local/texlive/2020/texmf-dist/tex/generic/pgf/modules/pgfmodulematrix.code.tex
File: pgfmodulematrix.code.tex 2020/01/08 v3.1.5b (3.1.5b)
\pgfmatrixcurrentrow=\count288
\pgfmatrixcurrentcolumn=\count289
\pgf@matrix@numberofcolumns=\count290
)
\tikz@expandcount=\count291
 (/usr/local/texlive/2020/texmf-dist/tex/generic/pgf/frontendlayer/tikz/libraries/tikzlibrarytopaths.code.tex
File: tikzlibrarytopaths.code.tex 2020/01/08 v3.1.5b (3.1.5b)
))) (/usr/local/texlive/2020/texmf-dist/tex/generic/pgf/frontendlayer/tikz/libraries/tikzlibraryshapes.code.tex
File: tikzlibraryshapes.code.tex 2020/01/08 v3.1.5b (3.1.5b)
 (/usr/local/texlive/2020/texmf-dist/tex/generic/pgf/frontendlayer/tikz/libraries/tikzlibraryshapes.geometric.code.tex
File: tikzlibraryshapes.geometric.code.tex 2020/01/08 v3.1.5b (3.1.5b)
 (/usr/local/texlive/2020/texmf-dist/tex/generic/pgf/libraries/shapes/pgflibraryshapes.geometric.code.tex
File: pgflibraryshapes.geometric.code.tex 2020/01/08 v3.1.5b (3.1.5b)
)) (/usr/local/texlive/2020/texmf-dist/tex/generic/pgf/frontendlayer/tikz/libraries/tikzlibraryshapes.misc.code.tex
File: tikzlibraryshapes.misc.code.tex 2020/01/08 v3.1.5b (3.1.5b)
 (/usr/local/texlive/2020/texmf-dist/tex/generic/pgf/libraries/shapes/pgflibraryshapes.misc.code.tex
File: pgflibraryshapes.misc.code.tex 2020/01/08 v3.1.5b (3.1.5b)
)) (/usr/local/texlive/2020/texmf-dist/tex/generic/pgf/frontendlayer/tikz/libraries/tikzlibraryshapes.symbols.code.tex
File: tikzlibraryshapes.symbols.code.tex 2020/01/08 v3.1.5b (3.1.5b)
 (/usr/local/texlive/2020/texmf-dist/tex/generic/pgf/libraries/shapes/pgflibraryshapes.symbols.code.tex
File: pgflibraryshapes.symbols.code.tex 2020/01/08 v3.1.5b (3.1.5b)
)) (/usr/local/texlive/2020/texmf-dist/tex/generic/pgf/frontendlayer/tikz/libraries/tikzlibraryshapes.arrows.code.tex
File: tikzlibraryshapes.arrows.code.tex 2020/01/08 v3.1.5b (3.1.5b)
 (/usr/local/texlive/2020/texmf-dist/tex/generic/pgf/libraries/shapes/pgflibraryshapes.arrows.code.tex
File: pgflibraryshapes.arrows.code.tex 2020/01/08 v3.1.5b (3.1.5b)
)) (/usr/local/texlive/2020/texmf-dist/tex/generic/pgf/frontendlayer/tikz/libraries/tikzlibraryshapes.callouts.code.tex (/usr/local/texlive/2020/texmf-dist/tex/generic/pgf/libraries/shapes/pgflibraryshapes.callouts.code.tex)) (/usr/local/texlive/2020/texmf-dist/tex/generic/pgf/frontendlayer/tikz/libraries/tikzlibraryshapes.multipart.code.tex
File: tikzlibraryshapes.multipart.code.tex 2020/01/08 v3.1.5b (3.1.5b)
 (/usr/local/texlive/2020/texmf-dist/tex/generic/pgf/libraries/shapes/pgflibraryshapes.multipart.code.tex
File: pgflibraryshapes.multipart.code.tex 2020/01/08 v3.1.5b (3.1.5b)
\pgfnodepartlowerbox=\box63
\pgfnodeparttwobox=\box64
\pgfnodepartthreebox=\box65
\pgfnodepartfourbox=\box66
\pgfnodeparttwentybox=\box67
\pgfnodepartnineteenbox=\box68
\pgfnodeparteighteenbox=\box69
\pgfnodepartseventeenbox=\box70
\pgfnodepartsixteenbox=\box71
\pgfnodepartfifteenbox=\box72
\pgfnodepartfourteenbox=\box73
\pgfnodepartthirteenbox=\box74
\pgfnodeparttwelvebox=\box75
\pgfnodepartelevenbox=\box76
\pgfnodeparttenbox=\box77
\pgfnodepartninebox=\box78
\pgfnodeparteightbox=\box79
\pgfnodepartsevenbox=\box80
\pgfnodepartsixbox=\box81
\pgfnodepartfivebox=\box82
))) (/usr/local/texlive/2020/texmf-dist/tex/generic/pgf/frontendlayer/tikz/libraries/tikzlibraryfit.code.tex
File: tikzlibraryfit.code.tex 2020/01/08 v3.1.5b (3.1.5b)
) (/usr/local/texlive/2020/texmf-dist/tex/generic/pgf/frontendlayer/tikz/libraries/tikzlibrarycalc.code.tex
File: tikzlibrarycalc.code.tex 2020/01/08 v3.1.5b (3.1.5b)
) (/usr/local/texlive/2020/texmf-dist/tex/generic/pgf/libraries/pgflibraryintersections.code.tex
(/usr/local/texlive/2020/texmf-dist/tex/generic/pgf/libraries/pgflibraryfpu.code.tex)
\pgf@intersect@solutions=\count292
) (/usr/local/texlive/2020/texmf-dist/tex/latex/pgfopts/pgfopts.sty
Package: pgfopts 2014/07/10 v2.1a LaTeX package options with pgfkeys
\pgfopts@list@add@a@toks=\toks41
\pgfopts@list@add@b@toks=\toks42
) (/usr/local/texlive/2020/texmf-dist/tex/latex/elocalloc/elocalloc.sty
Package: elocalloc 2016/12/15 v0.03 local allocation for LaTeX 2015+ (DPC)
) (/usr/local/texlive/2020/texmf-dist/tex/latex/environ/environ.sty
Package: environ 2014/05/04 v0.3 A new way to define environments
 (/usr/local/texlive/2020/texmf-dist/tex/latex/trimspaces/trimspaces.sty
Package: trimspaces 2009/09/17 v1.1 Trim spaces around a token list
)) (/usr/local/texlive/2020/texmf-dist/tex/latex/l3packages/xparse/xparse.sty (/usr/local/texlive/2020/texmf-dist/tex/latex/l3kernel/expl3.sty
Package: expl3 2020-03-06 L3 programming layer (loader) 
 (/usr/local/texlive/2020/texmf-dist/tex/latex/l3backend/l3backend-pdfmode.def
File: l3backend-pdfmode.def 2020-03-12 L3 backend support: PDF mode
\l__kernel_color_stack_int=\count293
\l__pdf_internal_box=\box83
))
Package: xparse 2020-03-06 L3 Experimental document command parser
\l__xparse_current_arg_int=\count294
\g__xparse_grabber_int=\count295
\l__xparse_m_args_int=\count296
\l__xparse_v_nesting_int=\count297
) (/usr/local/texlive/2020/texmf-dist/tex/latex/inlinedef/inlinedef.sty
Package: inlinedef 2008/07/10 v1.0 Inlined expansions within definitions
\ID@toks=\toks43
\ID@count=\count298
)
\ID@usercommands=\toks44
\safeloop@depth=\count299
\safeRKloop@depth=\count300
\forest@temp@dimen=\dimen273
\forest@temp@count=\count301
\forest@n=\count302
\forest@temp@global@count=\count303
\forest@temp@toks=\toks45
\forest@temparray@M=\count304
\forest@temparray@N=\count305
\forest@global@temparray@M=\count306
\forest@global@temparray@N=\count307
\forest@isnum@count=\count308
\forest@isdim@nonintpart=\count309
\forest@isdim@dimen=\dimen274
\forest@sort@m=\count310
\forest@sort@k=\count311
\forest@sort@p=\count312
\bracket@content=\toks46
\bracket@afterthought=\toks47
\forest@node@maxid=\count313
\forest@process@left@M=\count314
\forest@process@left@N=\count315
\forest@process@right@M=\count316
\forest@process@right@N=\count317
\forest@process@saved@M=\count318
\forest@process@saved@N=\count319
\forest@process@result@M=\count320
\forest@process@result@N=\count321
\forest@process@n=\count322
\forest@nodewalk@branch@toks=\toks48
\forest@nodewalk@shortsteps@resolution=\toks49
\forest@do@dynamics=\toks50
\forest@box=\box84
\forest@xg=\dimen275
\forest@yg=\dimen276
\forest@xs=\dimen277
\forest@ys=\dimen278
\forest@pi@toks=\toks51
\forest@segment@toks=\toks52
\forest@PIi@toks=\toks53
\forest@PIii@toks=\toks54
\forest@copy@in=\read3
\forest@copy@out=\write4
\forest@externalize@max@outer@n=\count323
\forest@externalize@inner@n=\count324
) (/usr/local/texlive/2020/texmf-dist/tex/latex/enumitem/enumitem.sty
Package: enumitem 2019/06/20 v3.9 Customized lists
\labelindent=\skip56
\enit@outerparindent=\dimen279
\enit@toks=\toks55
\enit@inbox=\box85
\enit@count@id=\count325
\enitdp@description=\count326
) (/usr/local/texlive/2020/texmf-dist/tex/latex/tcolorbox/tcolorbox.sty
Package: tcolorbox 2019/11/15 version 4.22 text color boxes
 (/usr/local/texlive/2020/texmf-dist/tex/latex/tools/verbatim.sty
Package: verbatim 2019/11/10 v1.5r LaTeX2e package for verbatim enhancements
\every@verbatim=\toks56
\verbatim@line=\toks57
\verbatim@in@stream=\read4
)
\tcb@titlebox=\box86
\tcb@upperbox=\box87
\tcb@lowerbox=\box88
\tcb@phantombox=\box89
\c@tcbbreakpart=\count327
\c@tcblayer=\count328
\tcolorbox@number=\count329
\tcb@temp=\box90
\tcb@temp=\box91
\tcb@temp=\box92
\tcb@temp=\box93
\tcb@out=\write5
\tcb@record@out=\write6
) (/usr/local/texlive/2020/texmf-dist/tex/latex/base/textcomp.sty
Package: textcomp 2020/02/02 v2.0n Standard LaTeX package
) (/usr/local/texlive/2020/texmf-dist/tex/latex/tools/xspace.sty
Package: xspace 2014/10/28 v1.13 Space after command names (DPC,MH)
)
Package hyperref Info: Option `colorlinks' set `true' on input line 46.
 (./writeup.aux)
\openout1 = `writeup.aux'.

LaTeX Font Info:    Checking defaults for OML/cmm/m/it on input line 52.
LaTeX Font Info:    ... okay on input line 52.
LaTeX Font Info:    Checking defaults for OMS/cmsy/m/n on input line 52.
LaTeX Font Info:    ... okay on input line 52.
LaTeX Font Info:    Checking defaults for OT1/cmr/m/n on input line 52.
LaTeX Font Info:    ... okay on input line 52.
LaTeX Font Info:    Checking defaults for T1/cmr/m/n on input line 52.
LaTeX Font Info:    ... okay on input line 52.
LaTeX Font Info:    Checking defaults for TS1/cmr/m/n on input line 52.
LaTeX Font Info:    ... okay on input line 52.
LaTeX Font Info:    Checking defaults for OMX/cmex/m/n on input line 52.
LaTeX Font Info:    ... okay on input line 52.
LaTeX Font Info:    Checking defaults for U/cmr/m/n on input line 52.
LaTeX Font Info:    ... okay on input line 52.
LaTeX Font Info:    Checking defaults for PD1/pdf/m/n on input line 52.
LaTeX Font Info:    ... okay on input line 52.

*geometry* driver: auto-detecting
*geometry* detected driver: pdftex
*geometry* verbose mode - [ preamble ] result:
* driver: pdftex
* paper: a4paper
* layout: <same size as paper>
* layoutoffset:(h,v)=(0.0pt,0.0pt)
* modes: 
* h-part:(L,W,R)=(54.2025pt, 489.10287pt, 54.2025pt)
* v-part:(T,H,B)=(54.2025pt, 736.64185pt, 54.2025pt)
* \paperwidth=597.50787pt
* \paperheight=845.04684pt
* \textwidth=489.10287pt
* \textheight=736.64185pt
* \oddsidemargin=-18.06749pt
* \evensidemargin=-18.06749pt
* \topmargin=-55.06749pt
* \headheight=12.0pt
* \headsep=25.0pt
* \topskip=12.0pt
* \footskip=30.0pt
* \marginparwidth=44.0pt
* \marginparsep=10.0pt
* \columnsep=10.0pt
* \skip\footins=10.8pt plus 4.0pt minus 2.0pt
* \hoffset=0.0pt
* \voffset=0.0pt
* \mag=1000
* \@twocolumnfalse
* \@twosidefalse
* \@mparswitchfalse
* \@reversemarginfalse
* (1in=72.27pt=25.4mm, 1cm=28.453pt)

(/usr/local/texlive/2020/texmf-dist/tex/context/base/mkii/supp-pdf.mkii
[Loading MPS to PDF converter (version 2006.09.02).]
\scratchcounter=\count330
\scratchdimen=\dimen280
\scratchbox=\box94
\nofMPsegments=\count331
\nofMParguments=\count332
\everyMPshowfont=\toks58
\MPscratchCnt=\count333
\MPscratchDim=\dimen281
\MPnumerator=\count334
\makeMPintoPDFobject=\count335
\everyMPtoPDFconversion=\toks59
) (/usr/local/texlive/2020/texmf-dist/tex/latex/epstopdf-pkg/epstopdf-base.sty
Package: epstopdf-base 2020-01-24 v2.11 Base part for package epstopdf
Package epstopdf-base Info: Redefining graphics rule for `.eps' on input line 485.
 (/usr/local/texlive/2020/texmf-dist/tex/latex/latexconfig/epstopdf-sys.cfg
File: epstopdf-sys.cfg 2010/07/13 v1.3 Configuration of (r)epstopdf for TeX Live
))
\AtBeginShipoutBox=\box95
Package hyperref Info: Link coloring ON on input line 52.
 (/usr/local/texlive/2020/texmf-dist/tex/latex/hyperref/nameref.sty
Package: nameref 2019/09/16 v2.46 Cross-referencing by name of section
 (/usr/local/texlive/2020/texmf-dist/tex/latex/refcount/refcount.sty
Package: refcount 2019/12/15 v3.6 Data extraction from label references (HO)
) (/usr/local/texlive/2020/texmf-dist/tex/generic/gettitlestring/gettitlestring.sty
Package: gettitlestring 2019/12/15 v1.6 Cleanup title references (HO)
)
\c@section@level=\count336
)
LaTeX Info: Redefining \ref on input line 52.
LaTeX Info: Redefining \pageref on input line 52.
LaTeX Info: Redefining \nameref on input line 52.
 (./writeup.out) (./writeup.out)
\@outlinefile=\write7
\openout7 = `writeup.out'.

 ABD: EveryShipout initializing macros
LaTeX Font Info:    Trying to load font information for TS1+cmss on input line 55.
 (/usr/local/texlive/2020/texmf-dist/tex/latex/base/ts1cmss.fd
File: ts1cmss.fd 2019/12/16 v2.5j Standard LaTeX font definitions
) (./writeup.toc)
\tf@toc=\write8
\openout8 = `writeup.toc'.

 [1

{/usr/local/texlive/2020/texmf-var/fonts/map/pdftex/updmap/pdftex.map}]
LaTeX Font Info:    Font shape `OT1/cmss/m/it' in size <12> not available
(Font)              Font shape `OT1/cmss/m/sl' tried instead on input line 64.
<reactor_pattern.png, id=85, 354.926pt x 341.275pt>
File: reactor_pattern.png Graphic file (type png)
<use reactor_pattern.png>
Package pdftex.def Info: reactor_pattern.png  used on input line 81.
(pdftex.def)             Requested size: 244.55144pt x 235.14671pt.
 [2

 <./reactor_pattern.png>]

pdfTeX warning: pdflatex (file ./protocol.pdf): PDF inclusion: found PDF version <1.7>, but at most version <1.5> allowed
<protocol.pdf, id=98, 299.19778pt x 376.52669pt>
File: protocol.pdf Graphic file (type pdf)
<use protocol.pdf>
Package pdftex.def Info: protocol.pdf  used on input line 93.
(pdftex.def)             Requested size: 293.4647pt x 369.3211pt.
[3 <./protocol.pdf>]

pdfTeX warning: pdflatex (file ./messages.pdf): PDF inclusion: found PDF version <1.7>, but at most version <1.5> allowed
<messages.pdf, id=135, 392.42609pt x 94.4328pt>
File: messages.pdf Graphic file (type pdf)
<use messages.pdf>
Package pdftex.def Info: messages.pdf  used on input line 109.
(pdftex.def)             Requested size: 440.18959pt x 105.93114pt.


pdfTeX warning: pdflatex (file ./uml.pdf): PDF inclusion: found PDF version <1.7>, but at most version <1.5> allowed
<uml.pdf, id=136, 601.28638pt x 250.0542pt>
File: uml.pdf Graphic file (type pdf)
<use uml.pdf>
Package pdftex.def Info: uml.pdf  used on input line 134.
(pdftex.def)             Requested size: 440.18959pt x 183.05695pt.
[4 <./messages.pdf>] [5 <./uml.pdf>] [6

]
<udp_plot.pdf, id=182, 391.60776pt x 278.34865pt>
File: udp_plot.pdf Graphic file (type pdf)
<use udp_plot.pdf>
Package pdftex.def Info: udp_plot.pdf  used on input line 220.
(pdftex.def)             Requested size: 239.66309pt x 170.35306pt.
<tcp_plot.pdf, id=183, 391.60776pt x 278.34865pt>
File: tcp_plot.pdf Graphic file (type pdf)
<use tcp_plot.pdf>
Package pdftex.def Info: tcp_plot.pdf  used on input line 221.
(pdftex.def)             Requested size: 239.66309pt x 170.35306pt.
<time_clients.pdf, id=184, 395.3489pt x 279.68176pt>
File: time_clients.pdf Graphic file (type pdf)
<use time_clients.pdf>
Package pdftex.def Info: time_clients.pdf  used on input line 234.
(pdftex.def)             Requested size: 293.4647pt x 207.60565pt.
 [7

 <./udp_plot.pdf> <./tcp_plot.pdf>]
<time_cache.pdf, id=273, 396.7918pt x 278.34865pt>
File: time_cache.pdf Graphic file (type pdf)
<use time_cache.pdf>
Package pdftex.def Info: time_cache.pdf  used on input line 246.
(pdftex.def)             Requested size: 293.4647pt x 205.86859pt.
 [8 <./time_clients.pdf> <./time_cache.pdf>]
<random_req.pdf, id=344, 391.60776pt x 278.34865pt>
File: random_req.pdf Graphic file (type pdf)
<use random_req.pdf>
Package pdftex.def Info: random_req.pdf  used on input line 264.
(pdftex.def)             Requested size: 293.4647pt x 208.59532pt.
 [9 <./random_req.pdf>]
Package atveryend Info: Empty hook `BeforeClearDocument' on input line 270.
Package atveryend Info: Empty hook `AfterLastShipout' on input line 270.
 (./writeup.aux)
Package atveryend Info: Executing hook `AtVeryEndDocument' on input line 270.
Package atveryend Info: Executing hook `AtEndAfterFileList' on input line 270.
Package rerunfilecheck Info: File `writeup.out' has not changed.
(rerunfilecheck)             Checksum: 8C82AE1B969B21A13A211242AA6DCDF1;832.
 ) 
Here is how much of TeX's memory you used:
 33154 strings out of 480608
 733567 string characters out of 5903629
 1002934 words of memory out of 5000000
 48545 multiletter control sequences out of 15000+600000
 543210 words of font info for 62 fonts, out of 8000000 for 9000
 1141 hyphenation exceptions out of 8191
 147i,8n,185p,1604b,3147s stack positions out of 5000i,500n,10000p,200000b,80000s
{/usr/local/texlive/2020/texmf-dist/fonts/enc/dvips/cm-super/cm-super-ts1.enc}</usr/local/texlive/2020/texmf-dist/fonts/type1/public/amsfonts/cm/cmmi12.pfb></usr/local/texlive/2020/texmf-dist/fonts/type1/public/amsfonts/cm/cmr12.pfb></usr/local/texlive/2020/texmf-dist/fonts/type1/public/amsfonts/cm/cmss10.pfb></usr/local/texlive/2020/texmf-dist/fonts/type1/public/amsfonts/cm/cmss12.pfb></usr/local/texlive/2020/texmf-dist/fonts/type1/public/amsfonts/cm/cmssbx10.pfb></usr/local/texlive/2020/texmf-dist/fonts/type1/public/amsfonts/cm/cmssi12.pfb></usr/local/texlive/2020/texmf-dist/fonts/type1/public/amsfonts/cm/cmsy10.pfb></usr/local/texlive/2020/texmf-dist/fonts/type1/public/amsfonts/cm/cmtt10.pfb></usr/local/texlive/2020/texmf-dist/fonts/type1/public/amsfonts/cm/cmtt12.pfb></usr/local/texlive/2020/texmf-dist/fonts/type1/public/cm-super/sfss0700.pfb></usr/local/texlive/2020/texmf-dist/fonts/type1/public/cm-super/sfss1200.pfb></usr/local/texlive/2020/texmf-dist/fonts/type1/public/cm-super/sfss1440.pfb>
Output written on writeup.pdf (9 pages, 306937 bytes).
PDF statistics:
 440 PDF objects out of 1000 (max. 8388607)
 227 compressed objects within 3 object streams
 35 named destinations out of 1000 (max. 500000)
 162 words of extra memory for PDF output out of 10000 (max. 10000000)

